C51 COMPILER V9.60.7.0   I2C                                                               09/04/2025 00:46:10 PAGE 1   


C51 COMPILER V9.60.7.0, COMPILATION OF MODULE I2C
OBJECT MODULE PLACED IN .\Objects\I2C.obj
COMPILER INVOKED BY: D:\keil5\C51\BIN\C51.EXE I2C.c OPTIMIZE(8,SPEED) BROWSE DEBUG OBJECTEXTEND PRINT(.\Listings\I2C.lst
                    -) OBJECT(.\Objects\I2C.obj)

line level    source

   1          #include <REGX52.H>
   2          
   3          sbit I2C_SCL = P2^1;
   4          sbit I2C_SDA = P2^0;
   5          
   6          void I2C_Start(void)
   7          {
   8   1              I2C_SCL = 1;
   9   1              I2C_SDA = 1;
  10   1              
  11   1              I2C_SDA = 0;
  12   1              I2C_SCL = 0;
  13   1      }
  14          
  15          void I2C_Stop(void)
  16          {
  17   1              I2C_SDA = 0;
  18   1              
  19   1              I2C_SCL = 1;
  20   1              I2C_SDA = 1;
  21   1      }
  22          
  23          void SendByte(unsigned char Data)
  24          {
  25   1              unsigned char i;
  26   1              //I2C_SCL = 0;
  27   1              
  28   1              for(i = 0; i <= 7; i++)
  29   1              {
  30   2                      I2C_SDA = Data & (0x80 >> i);
  31   2                      I2C_SCL = 1;
  32   2                      //Delay();
  33   2                      I2C_SCL = 0;
  34   2              }
  35   1      }
  36          
  37          unsigned char ReceiveByte(void)
  38          {
  39   1              unsigned char Data = 0x00;
  40   1              unsigned char i;
  41   1              //I2C_SCL = 0;
  42   1              I2C_SDA = 1;//主机释放SDA
  43   1              
  44   1              for(i = 0; i <= 7; i++)
  45   1              {
  46   2                      I2C_SCL = 1;
  47   2                      
  48   2                      if(I2C_SDA)
  49   2                      {
  50   3                              Data = Data | (0x80 >> i);
  51   3                      }
  52   2                      I2C_SCL = 0;
  53   2              }
  54   1              return Data;
C51 COMPILER V9.60.7.0   I2C                                                               09/04/2025 00:46:10 PAGE 2   

  55   1      }
  56          
  57          void SendAck(unsigned char SDA_Bit) 
  58          {
  59   1              
  60   1              //I2C_SCL = 0;
  61   1              
  62   1              I2C_SDA = SDA_Bit;
  63   1              I2C_SCL = 1;
  64   1              I2C_SCL = 0;
  65   1      }
  66          
  67          unsigned char ReceiveAck(void)
  68          {
  69   1              unsigned char SDA_Bit;
  70   1              //I2C_SCL = 0;
  71   1              I2C_SDA = 1;//主机释放SDA
  72   1              
  73   1              I2C_SCL = 1;
  74   1              SDA_Bit = I2C_SDA;
  75   1              I2C_SCL = 0;
  76   1              
  77   1              return SDA_Bit;
  78   1      }


MODULE INFORMATION:   STATIC OVERLAYABLE
   CODE SIZE        =    109    ----
   CONSTANT SIZE    =   ----    ----
   XDATA SIZE       =   ----    ----
   PDATA SIZE       =   ----    ----
   DATA SIZE        =   ----    ----
   IDATA SIZE       =   ----    ----
   BIT SIZE         =   ----    ----
END OF MODULE INFORMATION.


C51 COMPILATION COMPLETE.  0 WARNING(S),  0 ERROR(S)
