C51 COMPILER V9.60.7.0   MAIN                                                              09/04/2025 00:46:09 PAGE 1   


C51 COMPILER V9.60.7.0, COMPILATION OF MODULE MAIN
OBJECT MODULE PLACED IN .\Objects\main.obj
COMPILER INVOKED BY: D:\keil5\C51\BIN\C51.EXE main.c OPTIMIZE(8,SPEED) BROWSE DEBUG OBJECTEXTEND PRINT(.\Listings\main.l
                    -st) OBJECT(.\Objects\main.obj)

line level    source

   1          #include <REGX52.H>
   2          #include <Delay.H>
   3          #include <Key.H>
   4          #include <NixieTube.H>
   5          #include <Timer0.H>
   6          #include <AT24C02.H>
   7          
   8          unsigned char KeyNum;
   9          unsigned char Min, Sec, MiniSec;
  10          unsigned char RunFlag;
  11          
  12          void main()
  13          {
  14   1              Timer0_Init();
  15   1              while(1)
  16   1              {
  17   2                      KeyNum = Key();
  18   2                      
  19   2                      if(KeyNum == 1)
  20   2                      {
  21   3                              RunFlag = !RunFlag;
  22   3                      }
  23   2                      if(KeyNum == 2)
  24   2                      {
  25   3                              Min = 0;
  26   3                              Sec = 0;
  27   3                              MiniSec = 0;
  28   3                      }
  29   2                      if(KeyNum == 3)
  30   2                      {
  31   3                              AT24C02_SendByte(0, Min);
  32   3                              Delay(5);
  33   3                              AT24C02_SendByte(1, Sec);
  34   3                              Delay(5);
  35   3                              AT24C02_SendByte(2, MiniSec);
  36   3                              Delay(5);
  37   3                              
  38   3                      }
  39   2                      if(KeyNum == 4)
  40   2                      {
  41   3                              Min = AT24C02_ReceiveByte(0);
  42   3                              Sec = AT24C02_ReceiveByte(1);
  43   3                              MiniSec = AT24C02_ReceiveByte(2);
  44   3                      }
  45   2      
  46   2                      Nixie_SetBuf(1, Min / 10);
  47   2                      Nixie_SetBuf(2, Min % 10);
  48   2                      
  49   2                      Nixie_SetBuf(3, 11);
  50   2                      
  51   2                      Nixie_SetBuf(4, Sec / 10);
  52   2                      Nixie_SetBuf(5, Sec % 10);
  53   2                      
  54   2                      Nixie_SetBuf(6, 11);
C51 COMPILER V9.60.7.0   MAIN                                                              09/04/2025 00:46:09 PAGE 2   

  55   2                      
  56   2                      Nixie_SetBuf(7, MiniSec / 10);
  57   2                      Nixie_SetBuf(8, MiniSec % 10);
  58   2      
  59   2              }
  60   1      }
  61          
  62          void Sec_Loop(void)
  63          {
  64   1              if(RunFlag)
  65   1              {
  66   2                              MiniSec++;
  67   2                      if(MiniSec >= 100)
  68   2                      {
  69   3                              MiniSec = 0;
  70   3                              Sec++;
  71   3                              if(Sec >= 60)
  72   3                              {
  73   4                                      Sec = 0;
  74   4                                      Min++;
  75   4                                      if(Min >= 60)
  76   4                                      {
  77   5                                              Min = 0;
  78   5                                      }
  79   4                              }
  80   3                      }
  81   2      
  82   2              }
  83   1      }
  84          
  85          void Timer0_Routine(void) interrupt 1
  86          {
  87   1              static unsigned int T0Count1, T0Count2, T0Count3;
  88   1              TL0 = 0x66;//设置定时初值
  89   1              TH0 = 0xFC;//设置定时初值
  90   1              T0Count1++;
  91   1              if(T0Count1 >= 20)
  92   1              {
  93   2                      T0Count1 = 0;
  94   2                      Key_Loop();
  95   2              }
  96   1              
  97   1              T0Count2++;
  98   1              if(T0Count2 >= 1)
  99   1              {
 100   2                      T0Count2 = 0;
 101   2                      Nixie_Loop();
 102   2              }
 103   1              
 104   1              T0Count3++;
 105   1              if(T0Count3 >= 10)
 106   1              {
 107   2                      T0Count3 = 0;
 108   2                      Sec_Loop();
 109   2              }
 110   1      }


MODULE INFORMATION:   STATIC OVERLAYABLE
   CODE SIZE        =    394    ----
   CONSTANT SIZE    =   ----    ----
   XDATA SIZE       =   ----    ----
C51 COMPILER V9.60.7.0   MAIN                                                              09/04/2025 00:46:09 PAGE 3   

   PDATA SIZE       =   ----    ----
   DATA SIZE        =     11    ----
   IDATA SIZE       =   ----    ----
   BIT SIZE         =   ----    ----
END OF MODULE INFORMATION.


C51 COMPILATION COMPLETE.  0 WARNING(S),  0 ERROR(S)
