C51 COMPILER V9.60.7.0   NIXIETUBE                                                         09/04/2025 00:46:09 PAGE 1   


C51 COMPILER V9.60.7.0, COMPILATION OF MODULE NIXIETUBE
OBJECT MODULE PLACED IN .\Objects\NixieTube.obj
COMPILER INVOKED BY: D:\keil5\C51\BIN\C51.EXE NixieTube.c OPTIMIZE(8,SPEED) BROWSE DEBUG OBJECTEXTEND PRINT(.\Listings\N
                    -ixieTube.lst) OBJECT(.\Objects\NixieTube.obj)

line level    source

   1          #include <REGX52.H>
   2          #include "Delay.h"
   3          
   4          unsigned char Nixie_Buf[] = {10, 10, 10, 10, 10, 10, 10, 10, 10};
   5          
   6          unsigned char NixieNumber[] = {0x3F , 0x06 , 0x5B , 0x4F , 0x66 , 0x6D , 0x7D , 0x07 , 0x7F , 0x6F , 0x3F 
             -, 0x40};
   7          
   8          void Nixie_SetBuf(unsigned char Location ,Number)
   9          {
  10   1              Nixie_Buf[Location] = Number;
  11   1      }
  12          
  13          void Nixie_Scan(unsigned char Location ,Number)
  14          {
  15   1              P0 = 0x00;
  16   1              switch(Location)
  17   1              {
  18   2                      case 1:P2_4 = 1; P2_3 = 1; P2_2 = 1;
  19   2                      break;
  20   2                      case 2:P2_4 = 1; P2_3 = 1; P2_2 = 0;
  21   2                      break;
  22   2                      case 3:P2_4 = 1; P2_3 = 0; P2_2 = 1;
  23   2                      break;
  24   2                      case 4:P2_4 = 1; P2_3 = 0; P2_2 = 0;
  25   2                      break;
  26   2                      case 5:P2_4 = 0; P2_3 = 1; P2_2 = 1;
  27   2                      break;
  28   2                      case 6:P2_4 = 0; P2_3 = 1; P2_2 = 0;
  29   2                      break;
  30   2                      case 7:P2_4 = 0; P2_3 = 0; P2_2 = 1;
  31   2                      break;
  32   2                      case 8:P2_4 = 0; P2_3 = 0; P2_2 = 0;
  33   2                      break;
  34   2              }
  35   1              
  36   1              P0 = NixieNumber[Number];
  37   1      }
  38          
  39          void Nixie_Loop(void)
  40          {
  41   1              static unsigned char i = 1;
  42   1              Nixie_Scan(i, Nixie_Buf[i]);
  43   1              i++;
  44   1              if(i >= 9)
  45   1              {
  46   2                      i = 1;
  47   2              }
  48   1      }


MODULE INFORMATION:   STATIC OVERLAYABLE
   CODE SIZE        =    138    ----
   CONSTANT SIZE    =   ----    ----
C51 COMPILER V9.60.7.0   NIXIETUBE                                                         09/04/2025 00:46:09 PAGE 2   

   XDATA SIZE       =   ----    ----
   PDATA SIZE       =   ----    ----
   DATA SIZE        =     22    ----
   IDATA SIZE       =   ----    ----
   BIT SIZE         =   ----    ----
END OF MODULE INFORMATION.


C51 COMPILATION COMPLETE.  0 WARNING(S),  0 ERROR(S)
