C51 COMPILER V9.60.7.0   NIXIETUBE                                                         08/25/2025 17:49:47 PAGE 1   


C51 COMPILER V9.60.7.0, COMPILATION OF MODULE NIXIETUBE
OBJECT MODULE PLACED IN .\Objects\NixieTube.obj
COMPILER INVOKED BY: D:\keil5\C51\BIN\C51.EXE NixieTube.c OPTIMIZE(8,SPEED) BROWSE DEBUG OBJECTEXTEND PRINT(.\Listings\N
                    -ixieTube.lst) OBJECT(.\Objects\NixieTube.obj)

line level    source

   1          #include <REGX52.H>
   2          #include "Delay.h"
   3          
   4          unsigned char NixieNumber[] = {0x3F , 0x06 , 0x5B , 0x4F , 0x66 , 0x6D , 0x7D , 0x07 , 0x7F , 0x6F};//0011
             - 1111 , 0000 0110 , 0101 1011 , 0100 1111 , 0110 0110 , 0110 1101 , 0111 1101 , 0000 0111 , 0111 1111 , 0110 1111
   5          
   6          void NixieTube(unsigned char Location ,unsigned char Number)
   7          {
   8   1              switch(Location)
   9   1              {
  10   2                      case 1:P2_4 = 1; P2_3 = 1; P2_2 = 1;
  11   2                      break;
  12   2                      case 2:P2_4 = 1; P2_3 = 1; P2_2 = 0;
  13   2                      break;
  14   2                      case 3:P2_4 = 1; P2_3 = 0; P2_2 = 1;
  15   2                      break;
  16   2                      case 4:P2_4 = 1; P2_3 = 0; P2_2 = 0;
  17   2                      break;
  18   2                      case 5:P2_4 = 0; P2_3 = 1; P2_2 = 1;
  19   2                      break;
  20   2                      case 6:P2_4 = 0; P2_3 = 1; P2_2 = 0;
  21   2                      break;
  22   2                      case 7:P2_4 = 0; P2_3 = 0; P2_2 = 1;
  23   2                      break;
  24   2                      case 8:P2_4 = 0; P2_3 = 0; P2_2 = 0;
  25   2                      break;
  26   2              }
  27   1              
  28   1              P0 = NixieNumber[Number];
  29   1              
  30   1              Delay(1);
  31   1              P0 = 0x00;
  32   1      }


MODULE INFORMATION:   STATIC OVERLAYABLE
   CODE SIZE        =    107    ----
   CONSTANT SIZE    =   ----    ----
   XDATA SIZE       =   ----    ----
   PDATA SIZE       =   ----    ----
   DATA SIZE        =     10    ----
   IDATA SIZE       =   ----    ----
   BIT SIZE         =   ----    ----
END OF MODULE INFORMATION.


C51 COMPILATION COMPLETE.  0 WARNING(S),  0 ERROR(S)
