C51 COMPILER V9.60.7.0   MAIN                                                              08/29/2025 01:27:24 PAGE 1   


C51 COMPILER V9.60.7.0, COMPILATION OF MODULE MAIN
OBJECT MODULE PLACED IN .\Objects\main.obj
COMPILER INVOKED BY: D:\keil5\C51\BIN\C51.EXE main.c OPTIMIZE(8,SPEED) BROWSE DEBUG OBJECTEXTEND PRINT(.\Listings\main.l
                    -st) OBJECT(.\Objects\main.obj)

line level    source

   1          #include <REGX52.H>
   2          #include "UART.h"
   3          #include "Timer1.h"
   4          #include "Delay.h"
   5          
   6          unsigned char Send, Receive;
   7          
   8          void main()
   9          {
  10   1              
  11   1              UART_Init();
  12   1              
  13   1              while(1)
  14   1              {
  15   2                      
  16   2              }
  17   1      }
  18          
  19          void UART_Routine() interrupt 4
  20          {
  21   1              if(RI == 1)
  22   1              {
  23   2                      P2 = SBUF;
  24   2                      UART_SendByte(SBUF);
  25   2                      RI = 0;
  26   2              }
  27   1              
  28   1      }


MODULE INFORMATION:   STATIC OVERLAYABLE
   CODE SIZE        =     74    ----
   CONSTANT SIZE    =   ----    ----
   XDATA SIZE       =   ----    ----
   PDATA SIZE       =   ----    ----
   DATA SIZE        =      2    ----
   IDATA SIZE       =   ----    ----
   BIT SIZE         =   ----    ----
END OF MODULE INFORMATION.


C51 COMPILATION COMPLETE.  0 WARNING(S),  0 ERROR(S)
