C51 COMPILER V9.60.7.0   TIMER1                                                            08/29/2025 01:27:24 PAGE 1   


C51 COMPILER V9.60.7.0, COMPILATION OF MODULE TIMER1
OBJECT MODULE PLACED IN .\Objects\Timer1.obj
COMPILER INVOKED BY: D:\keil5\C51\BIN\C51.EXE Timer1.c OPTIMIZE(8,SPEED) BROWSE DEBUG OBJECTEXTEND PRINT(.\Listings\Time
                    -r1.lst) OBJECT(.\Objects\Timer1.obj)

line level    source

   1          #include <REGX52.H>
   2          
   3          
   4          void Timer1_Init()
   5          {
   6   1              //定时器工作模式寄存器TMOD：
   7   1              TMOD = TMOD & 0x0F;//xxxx xxxx & 0000 1111 = 0000 xxxx
   8   1              TMOD = TMOD | 0x20;//0000 xxxx | 0010 0000 = 0010 xxxx
   9   1              //定时器控制寄存器TCON：
  10   1              TF1 = 0;//软件置0，允许开始计数
  11   1              TR1 = 1;//允许定时器1启用
  12   1              //低4位寄存器赋初始值TL0：
  13   1              TL1 = 0xFD;
  14   1              //高4位寄存器赋初始值TH0:
  15   1              TH1 = 0xFD;
  16   1      }
  17          


MODULE INFORMATION:   STATIC OVERLAYABLE
   CODE SIZE        =     17    ----
   CONSTANT SIZE    =   ----    ----
   XDATA SIZE       =   ----    ----
   PDATA SIZE       =   ----    ----
   DATA SIZE        =   ----    ----
   IDATA SIZE       =   ----    ----
   BIT SIZE         =   ----    ----
END OF MODULE INFORMATION.


C51 COMPILATION COMPLETE.  0 WARNING(S),  0 ERROR(S)
