C51 COMPILER V9.60.7.0   UART                                                              08/29/2025 01:27:24 PAGE 1   


C51 COMPILER V9.60.7.0, COMPILATION OF MODULE UART
OBJECT MODULE PLACED IN .\Objects\UART.obj
COMPILER INVOKED BY: D:\keil5\C51\BIN\C51.EXE UART.c OPTIMIZE(8,SPEED) BROWSE DEBUG OBJECTEXTEND PRINT(.\Listings\UART.l
                    -st) OBJECT(.\Objects\UART.obj)

line level    source

   1          #include <REGX52.H>
   2          #include "Timer1.h"
   3          
   4          
   5          void UART_Init()
   6          {
   7   1              Timer1_Init();
   8   1              //串行口控制寄存器SCON
   9   1              SM0 = 0;//选择工作方式1
  10   1              SM1 = 1;//选择工作方式1
  11   1              REN = 1;//设置开启使能控制（中断）
  12   1              TI = 0;//发送中断请求标志位，必须软件复位
  13   1              RI = 0;//接收中断请求标志位，必须软件复位
  14   1              //电源控制寄存器PCON
  15   1              PCON = PCON & 0x3F;//XXXX XXXX & 0011 1111 = 00XX XXXX
  16   1              //中断允许寄存器IE
  17   1              EA = 1;//开启总中断
  18   1              ES = 1;//开启串行口1中断
  19   1              ET1 = 0;//禁止定时器1中断
  20   1              
  21   1              
  22   1              
  23   1      }
  24          
  25          void UART_SendByte(unsigned char Byte)
  26          {
  27   1              SBUF = Byte;
  28   1              while(TI == 0);
  29   1              TI = 0;
  30   1      }


MODULE INFORMATION:   STATIC OVERLAYABLE
   CODE SIZE        =     31    ----
   CONSTANT SIZE    =   ----    ----
   XDATA SIZE       =   ----    ----
   PDATA SIZE       =   ----    ----
   DATA SIZE        =   ----    ----
   IDATA SIZE       =   ----    ----
   BIT SIZE         =   ----    ----
END OF MODULE INFORMATION.


C51 COMPILATION COMPLETE.  0 WARNING(S),  0 ERROR(S)
