C51 COMPILER V9.60.7.0   MAIN                                                              08/25/2025 22:38:47 PAGE 1   


C51 COMPILER V9.60.7.0, COMPILATION OF MODULE MAIN
OBJECT MODULE PLACED IN .\Objects\main.obj
COMPILER INVOKED BY: D:\keil5\C51\BIN\C51.EXE main.c OPTIMIZE(8,SPEED) BROWSE DEBUG OBJECTEXTEND PRINT(.\Listings\main.l
                    -st) OBJECT(.\Objects\main.obj)

line level    source

   1          #include <REGX52.H>
   2          #include "MatrixKey.h"
   3          #include "LCD1602.h"
   4          
   5          unsigned char KeyNum;
   6          
   7          void main()
   8          {
   9   1              LCD_Init();
  10   1              LCD_ShowString(1, 1, "MatrixKeyNumber:");
  11   1              
  12   1              while(1)
  13   1              {
  14   2                      KeyNum = MatrixKey();
  15   2                      
  16   2                      if(KeyNum)
  17   2                      {
  18   3                              LCD_ShowNum(2, 1, KeyNum, 2);
  19   3                      }
  20   2              }
  21   1      }


MODULE INFORMATION:   STATIC OVERLAYABLE
   CODE SIZE        =     40    ----
   CONSTANT SIZE    =     17    ----
   XDATA SIZE       =   ----    ----
   PDATA SIZE       =   ----    ----
   DATA SIZE        =      1    ----
   IDATA SIZE       =   ----    ----
   BIT SIZE         =   ----    ----
END OF MODULE INFORMATION.


C51 COMPILATION COMPLETE.  0 WARNING(S),  0 ERROR(S)
