C51 COMPILER V9.60.7.0   MAIN                                                              09/04/2025 23:32:12 PAGE 1   


C51 COMPILER V9.60.7.0, COMPILATION OF MODULE MAIN
OBJECT MODULE PLACED IN .\Objects\main.obj
COMPILER INVOKED BY: D:\keil5\C51\BIN\C51.EXE main.c OPTIMIZE(8,SPEED) BROWSE DEBUG OBJECTEXTEND PRINT(.\Listings\main.l
                    -st) OBJECT(.\Objects\main.obj)

line level    source

   1          #include <REGX52.H>
   2          #include "LCD1602.h"
   3          #include "Delay.h"
   4          #include "DS18B02.h"
   5          
   6          float Temp;
   7          void main()
   8          {
   9   1              LCD_Init();
  10   1              DS18B02_ConvertT();
  11   1      
  12   1              while(1)
  13   1              {
  14   2                      DS18B02_ConvertT();
  15   2                      Temp = DS18B02_ReadRegister();
  16   2                      
  17   2                      if(Temp < 0)
  18   2                      {
  19   3                              LCD_ShowChar(2, 1, '-');
  20   3                              Temp = -Temp;
  21   3                      }
  22   2                      else
  23   2                      {
  24   3                              LCD_ShowChar(2, 1, '+');
  25   3                      }
  26   2                      LCD_ShowNum(2, 2, Temp, 3);
  27   2                      LCD_ShowChar(2, 5, '.');
  28   2                      LCD_ShowNum(2, 6, (unsigned long)(Temp * 10000) % 10000, 4);
  29   2              }
  30   1      }


MODULE INFORMATION:   STATIC OVERLAYABLE
   CODE SIZE        =    156    ----
   CONSTANT SIZE    =   ----    ----
   XDATA SIZE       =   ----    ----
   PDATA SIZE       =   ----    ----
   DATA SIZE        =      4    ----
   IDATA SIZE       =   ----    ----
   BIT SIZE         =   ----    ----
END OF MODULE INFORMATION.


C51 COMPILATION COMPLETE.  0 WARNING(S),  0 ERROR(S)
