C51 COMPILER V9.60.7.0   ONEWIRE                                                           09/04/2025 23:32:12 PAGE 1   


C51 COMPILER V9.60.7.0, COMPILATION OF MODULE ONEWIRE
OBJECT MODULE PLACED IN .\Objects\OneWire.obj
COMPILER INVOKED BY: D:\keil5\C51\BIN\C51.EXE OneWire.c OPTIMIZE(8,SPEED) BROWSE DEBUG OBJECTEXTEND PRINT(.\Listings\One
                    -Wire.lst) OBJECT(.\Objects\OneWire.obj)

line level    source

   1          #include <REGX52.H>
   2          
   3          sbit OneWire_DQ = P3^7;
   4          
   5          unsigned char OneWire_Init(void)
   6          {
   7   1              unsigned char i;
   8   1              unsigned char AckBit;
   9   1              
  10   1              OneWire_DQ = 1;//将通信线初始化置1
  11   1              
  12   1              OneWire_DQ = 0;//主机拉低：要求从机通信
  13   1              i = 247;while (--i);//延时500微秒
  14   1              
  15   1              OneWire_DQ = 1;//主机释放通信线
  16   1              i = 29; while (--i);//延时70微秒
  17   1              
  18   1              AckBit = OneWire_DQ;//主机接收从机返回值
  19   1              i = 247;while (--i);//延时500微秒
  20   1              
  21   1              return AckBit;
  22   1      }
  23          
  24          void OneWire_SendBit(unsigned char Bit)
  25          {
  26   1              unsigned char i;
  27   1              OneWire_DQ = 1;//将通信线初始化置1
  28   1              
  29   1              OneWire_DQ = 0;
  30   1              i = 4;while (--i);//延时15微秒
  31   1              OneWire_DQ = Bit;//主机拉低/主机拉高
  32   1              
  33   1              i = 25; while (--i);//延时60微秒
  34   1              OneWire_DQ = 1;
  35   1              
  36   1              
  37   1      }
  38          
  39          unsigned char OneWire_ReceiveBit()
  40          {
  41   1              unsigned char i;
  42   1              unsigned char Bit;
  43   1              
  44   1              OneWire_DQ = 1;//将通信线初始化置1
  45   1              
  46   1              OneWire_DQ = 0;
  47   1              i = 1;while (--i);//延时5微秒
  48   1              
  49   1              OneWire_DQ = 1;//主机释放通信线
  50   1              i = 1;while (--i);//延时5微秒
  51   1              
  52   1              Bit = OneWire_DQ;
  53   1              i = 29; while (--i);//延时70微秒
  54   1              
C51 COMPILER V9.60.7.0   ONEWIRE                                                           09/04/2025 23:32:12 PAGE 2   

  55   1              return Bit;
  56   1      }
  57          
  58          void OneWire_SendByte(unsigned char Byte)
  59          {
  60   1              unsigned char i;
  61   1              
  62   1              for(i = 0; i <= 7; i++)
  63   1              {
  64   2                      OneWire_SendBit(Byte & (0x01 << i));
  65   2              }
  66   1      }
  67          
  68          unsigned char OneWire_ReceiveByte(void)
  69          {
  70   1              unsigned char Byte = 0x00;
  71   1              unsigned char Temp;
  72   1              unsigned char i;
  73   1              
  74   1              Temp = OneWire_ReceiveBit();
  75   1              for(i = 0; i <= 7; i++)
  76   1              {
  77   2                      if(Temp)
  78   2                      {
  79   3                              Byte = Byte | (Temp << i);
  80   3                      }
  81   2              }
  82   1              
  83   1              return Byte;
  84   1      }


MODULE INFORMATION:   STATIC OVERLAYABLE
   CODE SIZE        =    125    ----
   CONSTANT SIZE    =   ----    ----
   XDATA SIZE       =   ----    ----
   PDATA SIZE       =   ----    ----
   DATA SIZE        =   ----    ----
   IDATA SIZE       =   ----    ----
   BIT SIZE         =   ----    ----
END OF MODULE INFORMATION.


C51 COMPILATION COMPLETE.  0 WARNING(S),  0 ERROR(S)
