C51 COMPILER V9.60.7.0   MAIN                                                              08/28/2025 01:20:15 PAGE 1   


C51 COMPILER V9.60.7.0, COMPILATION OF MODULE MAIN
OBJECT MODULE PLACED IN .\Objects\main.obj
COMPILER INVOKED BY: D:\keil5\C51\BIN\C51.EXE main.c OPTIMIZE(8,SPEED) BROWSE DEBUG OBJECTEXTEND PRINT(.\Listings\main.l
                    -st) OBJECT(.\Objects\main.obj)

line level    source

   1          #include <REGX52.H>
   2          #include "LCD1602.h"
   3          #include "Timer0.h"
   4          
   5          unsigned int Hours = 23, Minutes = 59, Second = 55;
   6          unsigned int Year = 2025, Mouth = 11, Day = 29;
   7          
   8          void main()
   9          {
  10   1              LCD_Init();
  11   1              Timer0_Init();
  12   1      
  13   1              LCD_ShowString(1, 1, "Date:");
  14   1              LCD_ShowString(1, 10, "/");
  15   1              LCD_ShowString(1, 13, "/");
  16   1              
  17   1              LCD_ShowString(2, 1, "Clock:");
  18   1              LCD_ShowString(2, 9, ":");
  19   1              LCD_ShowString(2, 12, ":");
  20   1              
  21   1              
  22   1              
  23   1              
  24   1              while(1)
  25   1              {
  26   2                      LCD_ShowNum(1, 6, Year, 4);
  27   2                      LCD_ShowNum(1, 11, Mouth, 2);
  28   2                      LCD_ShowNum(1, 14, Day, 2);
  29   2                      
  30   2                      LCD_ShowNum(2, 7, Hours, 2);
  31   2                      LCD_ShowNum(2, 10, Minutes, 2);
  32   2                      LCD_ShowNum(2, 13, Second, 2);
  33   2              }
  34   1      }
  35          
  36          void Timer0_Rountine() interrupt 1
  37          {
  38   1              static unsigned int T0count;
  39   1              TL0 = 0x66;
  40   1              TH0 = 0xFC;
  41   1              T0count++;
  42   1              
  43   1              if(T0count >= 1000)
  44   1              {
  45   2                      T0count = 0;
  46   2                      
  47   2                      Second++;
  48   2                      if(Second >= 60)
  49   2                      {
  50   3                              Second = 0;
  51   3                              Minutes++;
  52   3                              if(Minutes >= 60)
  53   3                              {
  54   4                                      Minutes = 0;
C51 COMPILER V9.60.7.0   MAIN                                                              08/28/2025 01:20:15 PAGE 2   

  55   4                                      Hours++;
  56   4                                      if(Hours >= 24)
  57   4                                      {
  58   5                                              Hours =0;
  59   5                                              Day++;
  60   5                                              if(Day >= 30)
  61   5                                              {
  62   6                                                      Day = 1;
  63   6                                                      Mouth++;
  64   6                                                      if(Mouth >= 12)
  65   6                                                      {
  66   7                                                              Mouth = 1;
  67   7                                                              Year++;
  68   7                                                      }
  69   6                                              }
  70   5                                      }
  71   4                              }
  72   3                      }
  73   2              }
  74   1      }


MODULE INFORMATION:   STATIC OVERLAYABLE
   CODE SIZE        =    326    ----
   CONSTANT SIZE    =     17    ----
   XDATA SIZE       =   ----    ----
   PDATA SIZE       =   ----    ----
   DATA SIZE        =     14    ----
   IDATA SIZE       =   ----    ----
   BIT SIZE         =   ----    ----
END OF MODULE INFORMATION.


C51 COMPILATION COMPLETE.  0 WARNING(S),  0 ERROR(S)
