C51 COMPILER V9.60.7.0   MAIN                                                              08/30/2025 21:33:58 PAGE 1   


C51 COMPILER V9.60.7.0, COMPILATION OF MODULE MAIN
OBJECT MODULE PLACED IN .\Objects\main.obj
COMPILER INVOKED BY: D:\keil5\C51\BIN\C51.EXE main.c OPTIMIZE(8,SPEED) BROWSE DEBUG OBJECTEXTEND PRINT(.\Listings\main.l
                    -st) OBJECT(.\Objects\main.obj)

line level    source

   1          #include <REGX52.H>
   2          #include "MatrixLED.h"
   3          #include "Delay.h"
   4          
   5          void main()
   6          {
   7   1              MatrixLED_Init();
   8   1              
   9   1              while(1)
  10   1              {
  11   2                      MatrixLED_Show(0, 0x3C);
  12   2                      MatrixLED_Show(1, 0x42);
  13   2                      MatrixLED_Show(2, 0xA9);
  14   2                      MatrixLED_Show(3, 0x85);
  15   2                      MatrixLED_Show(4, 0x85);
  16   2                      MatrixLED_Show(5, 0xA9);
  17   2                      MatrixLED_Show(6, 0x42);
  18   2                      MatrixLED_Show(7, 0x3C);
  19   2              }
  20   1      }


MODULE INFORMATION:   STATIC OVERLAYABLE
   CODE SIZE        =     77    ----
   CONSTANT SIZE    =   ----    ----
   XDATA SIZE       =   ----    ----
   PDATA SIZE       =   ----    ----
   DATA SIZE        =   ----    ----
   IDATA SIZE       =   ----    ----
   BIT SIZE         =   ----    ----
END OF MODULE INFORMATION.


C51 COMPILATION COMPLETE.  0 WARNING(S),  0 ERROR(S)
