C51 COMPILER V9.60.7.0   MAIN                                                              09/05/2025 18:27:49 PAGE 1   


C51 COMPILER V9.60.7.0, COMPILATION OF MODULE MAIN
OBJECT MODULE PLACED IN .\Objects\main.obj
COMPILER INVOKED BY: D:\keil5\C51\BIN\C51.EXE main.c OPTIMIZE(8,SPEED) BROWSE DEBUG OBJECTEXTEND PRINT(.\Listings\main.l
                    -st) OBJECT(.\Objects\main.obj)

line level    source

   1          #include <REGX52.H>
   2          #include <INTRINS.H>
   3          #include "Timer0.h"
   4          #include "Key.h"
   5          #include "NixieTube.h"
   6          #include "Delay.h"
   7          
   8          unsigned char Counter, Compare;
   9          unsigned char KeyNum, Speed;
  10          
  11          void main()
  12          {
  13   1              Timer0_Init();
  14   1              while(1)
  15   1              {
  16   2                      KeyNum = KeyNumber();
  17   2                      if(KeyNum == 1)
  18   2                      {
  19   3                              Speed++;
  20   3                              Speed = Speed % 4;
  21   3                              if(Speed == 0){Compare = 0;}
  22   3                              if(Speed == 1){Compare = 50;}
  23   3                              if(Speed == 2){Compare = 75;}
  24   3                              if(Speed == 3){Compare = 100;}
  25   3                      }
  26   2                      NixieTube(1, Speed);
  27   2                      
  28   2                      
  29   2              }
  30   1      }
  31          
  32          void Timer0_Routine() interrupt 1
  33          {
  34   1          TL0 = 0xA4;  // 低8位初值
  35   1              TH0 = 0xFF;  // 高8位初值
  36   1          
  37   1              Counter++;
  38   1              Counter = Counter % 100;
  39   1              
  40   1              if(Counter < Compare)
  41   1              {
  42   2                      P1_0 = 1;
  43   2              }
  44   1              else
  45   1              {
  46   2                      P1_0 = 0;
  47   2              }
  48   1      }


MODULE INFORMATION:   STATIC OVERLAYABLE
   CODE SIZE        =    101    ----
   CONSTANT SIZE    =   ----    ----
   XDATA SIZE       =   ----    ----
C51 COMPILER V9.60.7.0   MAIN                                                              09/05/2025 18:27:49 PAGE 2   

   PDATA SIZE       =   ----    ----
   DATA SIZE        =      4    ----
   IDATA SIZE       =   ----    ----
   BIT SIZE         =   ----    ----
END OF MODULE INFORMATION.


C51 COMPILATION COMPLETE.  0 WARNING(S),  0 ERROR(S)
