C51 COMPILER V9.60.7.0   MAIN                                                              09/05/2025 17:27:41 PAGE 1   


C51 COMPILER V9.60.7.0, COMPILATION OF MODULE MAIN
OBJECT MODULE PLACED IN .\Objects\main.obj
COMPILER INVOKED BY: D:\keil5\C51\BIN\C51.EXE main.c OPTIMIZE(8,SPEED) BROWSE DEBUG OBJECTEXTEND PRINT(.\Listings\main.l
                    -st) OBJECT(.\Objects\main.obj)

line level    source

   1          #include <REGX52.H>
   2          #include <INTRINS.H>
   3          
   4          unsigned char Time;
   5          
   6          void Delay(unsigned int T)
   7          {
   8   1              while (T--);
   9   1      }
  10          
  11          
  12          void main()
  13          {
  14   1              unsigned char i;
  15   1              while(1)
  16   1              {
  17   2      
  18   2                      for(Time = 1; Time <= 100; Time++)
  19   2                      {
  20   3                              for(i = 0; i <= 20; i++)
  21   3                              {
  22   4                                      P2 = 0xF8;
  23   4                                      Delay(Time);
  24   4                                      P2 = 0xFF;
  25   4                                      Delay(100 - Time);
  26   4                              }
  27   3                              
  28   3                      }
  29   2                      for(Time = 100; Time > 1; Time--)
  30   2                      {
  31   3                              for(i = 0; i <= 20; i++)
  32   3                              {
  33   4                                      P2 = 0xF8;
  34   4                                      Delay(Time);
  35   4                                      P2 = 0xFF;
  36   4                                      Delay(100 - Time);
  37   4                              }
  38   3                              
  39   3                      }
  40   2                      
  41   2              }
  42   1      }
  43          


MODULE INFORMATION:   STATIC OVERLAYABLE
   CODE SIZE        =     78    ----
   CONSTANT SIZE    =   ----    ----
   XDATA SIZE       =   ----    ----
   PDATA SIZE       =   ----    ----
   DATA SIZE        =      1    ----
   IDATA SIZE       =   ----    ----
   BIT SIZE         =   ----    ----
END OF MODULE INFORMATION.

C51 COMPILER V9.60.7.0   MAIN                                                              09/05/2025 17:27:41 PAGE 2   


C51 COMPILATION COMPLETE.  0 WARNING(S),  0 ERROR(S)
