C51 COMPILER V9.60.7.0   AT24C02                                                           09/04/2025 00:22:36 PAGE 1   


C51 COMPILER V9.60.7.0, COMPILATION OF MODULE AT24C02
OBJECT MODULE PLACED IN .\Objects\AT24C02.obj
COMPILER INVOKED BY: D:\keil5\C51\BIN\C51.EXE AT24C02.c OPTIMIZE(8,SPEED) BROWSE DEBUG OBJECTEXTEND PRINT(.\Listings\AT2
                    -4C02.lst) OBJECT(.\Objects\AT24C02.obj)

line level    source

   1          #include <REGX52.H>
   2          #include "I2C.h"
   3          
   4          void AT24C02_SendByte(unsigned char WordAdd, unsigned char Data)
   5          {
   6   1              unsigned char Ack;
   7   1              
   8   1              I2C_Start();//开始条件
   9   1              SendByte(0xA0);//发送从机地址1010 XXX(000)和写操作
  10   1              Ack = ReceiveAck();//接收应答
  11   1              //if(Ack){};//非应答操作
  12   1              SendByte(WordAdd);//发送要写入字节的地址
  13   1              Ack = ReceiveAck();//接收应答
  14   1              //if(Ack){};//非应答操作
  15   1              SendByte(Data);//发送要写入的数据
  16   1              Ack = ReceiveAck();//接收应答
  17   1              //if(Ack){};//非应答操作
  18   1              I2C_Stop();//停止条件
  19   1      }
  20          
  21          unsigned char AT24C02_ReceiveByte(unsigned char WordAdd)
  22          {
  23   1              unsigned char Ack;
  24   1              unsigned char Data;
  25   1              
  26   1              I2C_Start();//开始条件
  27   1              SendByte(0xA0);//发送从机地址1010 XXX(000)和写操作
  28   1              Ack = ReceiveAck();//接收应答
  29   1              //if(Ack){};//非应答操作
  30   1              SendByte(WordAdd);//发送要接收字节的地址
  31   1              Ack = ReceiveAck();//接收应答
  32   1              //if(Ack){};//非应答操作
  33   1              
  34   1              I2C_Start();//开始条件
  35   1              SendByte(0xA1);//发送从机地址1010 XXX(000)和读操作
  36   1              Ack = ReceiveAck();//接收应答
  37   1              //if(Ack){};//非应答操作
  38   1              Data = ReceiveByte();//变量接收数据
  39   1              SendAck(1);//发送非应答
  40   1              I2C_Stop();//停止条件
  41   1              
  42   1              return Data;
  43   1      }


MODULE INFORMATION:   STATIC OVERLAYABLE
   CODE SIZE        =     82    ----
   CONSTANT SIZE    =   ----    ----
   XDATA SIZE       =   ----    ----
   PDATA SIZE       =   ----    ----
   DATA SIZE        =   ----       4
   IDATA SIZE       =   ----    ----
   BIT SIZE         =   ----    ----
END OF MODULE INFORMATION.

C51 COMPILER V9.60.7.0   AT24C02                                                           09/04/2025 00:22:36 PAGE 2   


C51 COMPILATION COMPLETE.  0 WARNING(S),  0 ERROR(S)
