C51 COMPILER V9.60.7.0   MAIN                                                              09/04/2025 00:22:36 PAGE 1   


C51 COMPILER V9.60.7.0, COMPILATION OF MODULE MAIN
OBJECT MODULE PLACED IN .\Objects\main.obj
COMPILER INVOKED BY: D:\keil5\C51\BIN\C51.EXE main.c OPTIMIZE(8,SPEED) BROWSE DEBUG OBJECTEXTEND PRINT(.\Listings\main.l
                    -st) OBJECT(.\Objects\main.obj)

line level    source

   1          #include <REGX52.H>
   2          #include "Delay.h"
   3          #include "LCD1602.h"
   4          #include "AT24C02.h"
   5          #include "Key.h"
   6          
   7          unsigned char KeyNum;
   8          unsigned char Num;
   9          
  10          void main()
  11          {
  12   1              LCD_Init();
  13   1              
  14   1              LCD_ShowNum(1, 1, Num, 5);
  15   1              while(1)
  16   1              {
  17   2                      KeyNum = KeyNumber();
  18   2                      if(KeyNum == 1)
  19   2                      {
  20   3                              Num--;
  21   3                              LCD_ShowNum(1, 1, Num, 5);
  22   3                      }
  23   2                      if(KeyNum == 2)
  24   2                      {
  25   3                              Num++;
  26   3                              LCD_ShowNum(1, 1, Num, 5);
  27   3                      }
  28   2                      if(KeyNum == 3)
  29   2                      {
  30   3                              AT24C02_SendByte(0, Num);
  31   3                              LCD_ShowString(2, 1, "SaveNumber  OK");
  32   3                              Delay(250);
  33   3                              Delay(250);
  34   3                              Delay(250);
  35   3                              Delay(250);
  36   3                              LCD_ShowString(2, 1, "              ");
  37   3                      }
  38   2                      if(KeyNum == 4)
  39   2                      {
  40   3                              Num = AT24C02_ReceiveByte(0);
  41   3                              LCD_ShowNum(2, 1, Num, 5);
  42   3                      }
  43   2              }
  44   1      }


MODULE INFORMATION:   STATIC OVERLAYABLE
   CODE SIZE        =    154    ----
   CONSTANT SIZE    =     30    ----
   XDATA SIZE       =   ----    ----
   PDATA SIZE       =   ----    ----
   DATA SIZE        =      2    ----
   IDATA SIZE       =   ----    ----
   BIT SIZE         =   ----    ----
C51 COMPILER V9.60.7.0   MAIN                                                              09/04/2025 00:22:36 PAGE 2   

END OF MODULE INFORMATION.


C51 COMPILATION COMPLETE.  0 WARNING(S),  0 ERROR(S)
