C51 COMPILER V9.60.7.0   MAIN                                                              08/23/2025 19:48:11 PAGE 1   


C51 COMPILER V9.60.7.0, COMPILATION OF MODULE MAIN
OBJECT MODULE PLACED IN .\Objects\main.obj
COMPILER INVOKED BY: D:\keil5\C51\BIN\C51.EXE main.c OPTIMIZE(8,SPEED) BROWSE DEBUG OBJECTEXTEND PRINT(.\Listings\main.l
                    -st) OBJECT(.\Objects\main.obj)

line level    source

   1          #include <REGX52.H>
   2          void Delay(unsigned int xms);
   3          
   4          unsigned char LEDNum;
   5          
   6          void main()
   7          {
   8   1              P2 = ~0x01;//0000 0001 -> 1111 1110
   9   1              while(1)
  10   1              {
  11   2                      if(P3_1 == 0)
  12   2                      {
  13   3                              Delay(20);
  14   3                              while(P3_1 == 0);
  15   3                              Delay(20);
  16   3                              
  17   3                              LEDNum++;
  18   3                              if(LEDNum >= 8)
  19   3                                      LEDNum = 0;
  20   3                              P2 = ~(0x01 << LEDNum);//0000 0001 -> 0000 0010 -> 1111 1101
  21   3                      }
  22   2                      
  23   2                      if(P3_0 == 0)
  24   2                      {
  25   3                              Delay(20);
  26   3                              while(P3_0 == 0);
  27   3                              Delay(20);
  28   3                              
  29   3                              if(LEDNum == 0)
  30   3                                      LEDNum = 7;
  31   3                              else
  32   3                                      LEDNum--;
  33   3                              
  34   3                              P2 = ~(0x01 << LEDNum);
  35   3                      }
  36   2              }
  37   1      }
  38          
  39          
  40          void Delay(unsigned int xms)    //@12MHz
  41          {
  42   1              unsigned char data i, j;
  43   1      
  44   1              while(xms--)
  45   1              {
  46   2                      i = 2;
  47   2                      j = 239;
  48   2                      do
  49   2                      {
  50   3                              while (--j);
  51   3                      } while (--i);
  52   2              }
  53   1              
  54   1      }
C51 COMPILER V9.60.7.0   MAIN                                                              08/23/2025 19:48:11 PAGE 2   



MODULE INFORMATION:   STATIC OVERLAYABLE
   CODE SIZE        =    109    ----
   CONSTANT SIZE    =   ----    ----
   XDATA SIZE       =   ----    ----
   PDATA SIZE       =   ----    ----
   DATA SIZE        =      1    ----
   IDATA SIZE       =   ----    ----
   BIT SIZE         =   ----    ----
END OF MODULE INFORMATION.


C51 COMPILATION COMPLETE.  0 WARNING(S),  0 ERROR(S)
