C51 COMPILER V9.60.7.0   MAIN                                                              08/23/2025 17:33:16 PAGE 1   


C51 COMPILER V9.60.7.0, COMPILATION OF MODULE MAIN
OBJECT MODULE PLACED IN .\Objects\main.obj
COMPILER INVOKED BY: D:\keil5\C51\BIN\C51.EXE main.c OPTIMIZE(8,SPEED) BROWSE DEBUG OBJECTEXTEND PRINT(.\Listings\main.l
                    -st) TABS(2) OBJECT(.\Objects\main.obj)

line level    source

   1          #include <REGX52.H>
   2          #include <INTRINS.H>
   3          
   4          void Delay1ms(unsigned int xms) //@12MHz
   5          {
   6   1        unsigned char data i, j;
   7   1        
   8   1        while(xms)
   9   1        {
  10   2          i = 2;
  11   2          j = 239;
  12   2          do
  13   2          {
  14   3            while (--j);
  15   3          } while (--i);
  16   2          xms--;
  17   2        }
  18   1      
  19   1      }
  20          
  21          
  22          void main()
  23          {
  24   1        while(1)
  25   1        {
  26   2          P2=0xFE;//1111 1110
  27   2          Delay1ms(1000);
  28   2          P2=0xFD;//1111 1101
  29   2          Delay1ms(500);
  30   2          P2=0xFB;//1111 1011
  31   2          Delay1ms(1000);
  32   2          P2=0xF7;//1111 0111
  33   2          Delay1ms(500);
  34   2          P2=0xEF;//1110 1111
  35   2          Delay1ms(1000);
  36   2          P2=0xDF;//1101 1111
  37   2          Delay1ms(500);
  38   2          P2=0xBF;//1011 1111
  39   2          Delay1ms(1000);
  40   2          P2=0x7F;//0111 1111
  41   2          Delay1ms(500);
  42   2        }
  43   1        
  44   1      }


MODULE INFORMATION:   STATIC OVERLAYABLE
   CODE SIZE        =     90    ----
   CONSTANT SIZE    =   ----    ----
   XDATA SIZE       =   ----    ----
   PDATA SIZE       =   ----    ----
   DATA SIZE        =   ----    ----
   IDATA SIZE       =   ----    ----
   BIT SIZE         =   ----    ----
C51 COMPILER V9.60.7.0   MAIN                                                              08/23/2025 17:33:16 PAGE 2   

END OF MODULE INFORMATION.


C51 COMPILATION COMPLETE.  0 WARNING(S),  0 ERROR(S)
