C51 COMPILER V9.60.7.0   MAIN                                                              08/25/2025 17:29:49 PAGE 1   


C51 COMPILER V9.60.7.0, COMPILATION OF MODULE MAIN
OBJECT MODULE PLACED IN .\Objects\main.obj
COMPILER INVOKED BY: D:\keil5\C51\BIN\C51.EXE main.c OPTIMIZE(8,SPEED) BROWSE DEBUG OBJECTEXTEND PRINT(.\Listings\main.l
                    -st) OBJECT(.\Objects\main.obj)

line level    source

   1          #include <REGX52.H>
   2          
   3          void Delay(unsigned char xms)   //@12.000MHz
   4          {
   5   1              unsigned char data i, j;
   6   1      
   7   1              while(xms--)
   8   1              {
   9   2                      i = 2;
  10   2                      j = 239;
  11   2                      do
  12   2                      {
  13   3                              while (--j);
  14   3                      } while (--i);
  15   2                      }
  16   1      }
  17          
  18          
  19          unsigned char NixieNumber[] = {0x3F , 0x06 , 0x5B , 0x4F , 0x66 , 0x6D , 0x7D , 0x07 , 0x7F , 0x6F};//0011
             - 1111 , 0000 0110 , 0101 1011 , 0100 1111 , 0110 0110 , 0110 1101 , 0111 1101 , 0000 0111 , 0111 1111 , 0110 1111
  20          
  21          void NixieTube(unsigned char Location ,unsigned char Number)
  22          {
  23   1              switch(Location)
  24   1              {
  25   2                      case 1:P2_4 = 1; P2_3 = 1; P2_2 = 1;
  26   2                      break;
  27   2                      case 2:P2_4 = 1; P2_3 = 1; P2_2 = 0;
  28   2                      break;
  29   2                      case 3:P2_4 = 1; P2_3 = 0; P2_2 = 1;
  30   2                      break;
  31   2                      case 4:P2_4 = 1; P2_3 = 0; P2_2 = 0;
  32   2                      break;
  33   2                      case 5:P2_4 = 0; P2_3 = 1; P2_2 = 1;
  34   2                      break;
  35   2                      case 6:P2_4 = 0; P2_3 = 1; P2_2 = 0;
  36   2                      break;
  37   2                      case 7:P2_4 = 0; P2_3 = 0; P2_2 = 1;
  38   2                      break;
  39   2                      case 8:P2_4 = 0; P2_3 = 0; P2_2 = 0;
  40   2                      break;
  41   2              }
  42   1              
  43   1              P0 = NixieNumber[Number];
  44   1              
  45   1              Delay(1);
  46   1              P0 = 0x00;
  47   1      }
  48          
  49          void main()
  50          {
  51   1              while(1)
  52   1              {
  53   2                      NixieTube(1, 5);
C51 COMPILER V9.60.7.0   MAIN                                                              08/25/2025 17:29:49 PAGE 2   

  54   2      
  55   2                      NixieTube(2, 2);
  56   2      
  57   2                      NixieTube(3, 0);
  58   2      
  59   2                      NixieTube(4, 1);
  60   2      
  61   2                      NixieTube(5, 3);
  62   2      
  63   2                      NixieTube(6, 1);
  64   2      
  65   2                      NixieTube(7, 4);
  66   2      
  67   2                      
  68   2              }
  69   1      }


MODULE INFORMATION:   STATIC OVERLAYABLE
   CODE SIZE        =    175    ----
   CONSTANT SIZE    =   ----    ----
   XDATA SIZE       =   ----    ----
   PDATA SIZE       =   ----    ----
   DATA SIZE        =     10    ----
   IDATA SIZE       =   ----    ----
   BIT SIZE         =   ----    ----
END OF MODULE INFORMATION.


C51 COMPILATION COMPLETE.  0 WARNING(S),  0 ERROR(S)
