C51 COMPILER V9.60.7.0   MAIN                                                              08/23/2025 18:33:04 PAGE 1   


C51 COMPILER V9.60.7.0, COMPILATION OF MODULE MAIN
OBJECT MODULE PLACED IN .\Objects\main.obj
COMPILER INVOKED BY: D:\keil5\C51\BIN\C51.EXE main.c OPTIMIZE(8,SPEED) BROWSE DEBUG OBJECTEXTEND PRINT(.\Listings\main.l
                    -st) OBJECT(.\Objects\main.obj)

line level    source

   1          #include <REGX52.H>
   2          
   3          void Delay(unsigned int xms)    //@12MHz
   4          {
   5   1              unsigned char data i, j;
   6   1              
   7   1              while(xms)
   8   1              {
   9   2                      i = 2;
  10   2                      j = 239;
  11   2                      do
  12   2                      {
  13   3                              while (--j);
  14   3                      } while (--i);
  15   2                      xms--;
  16   2              }
  17   1      
  18   1              
  19   1      }
  20          
  21          
  22          void main()
  23          {
  24   1              while(1)
  25   1              {
  26   2                      if(P3_1 == 0)
  27   2                      {
  28   3                              Delay(20);
  29   3                              while(P3_1 == 0);
  30   3                              Delay(20);
  31   3                              
  32   3                              P2_0 = ~P2_0;
  33   3                      }
  34   2              }
  35   1      }


MODULE INFORMATION:   STATIC OVERLAYABLE
   CODE SIZE        =     44    ----
   CONSTANT SIZE    =   ----    ----
   XDATA SIZE       =   ----    ----
   PDATA SIZE       =   ----    ----
   DATA SIZE        =   ----    ----
   IDATA SIZE       =   ----    ----
   BIT SIZE         =   ----    ----
END OF MODULE INFORMATION.


C51 COMPILATION COMPLETE.  0 WARNING(S),  0 ERROR(S)
