C51 COMPILER V9.60.7.0   DS1302                                                            09/01/2025 02:44:59 PAGE 1   


C51 COMPILER V9.60.7.0, COMPILATION OF MODULE DS1302
OBJECT MODULE PLACED IN .\Objects\DS1302.obj
COMPILER INVOKED BY: D:\keil5\C51\BIN\C51.EXE DS1302.c OPTIMIZE(8,SPEED) BROWSE DEBUG OBJECTEXTEND PRINT(.\Listings\DS13
                    -02.lst) OBJECT(.\Objects\DS1302.obj)

line level    source

   1          #include <REGX52.H>
   2          
   3          sbit DS1302_SCLK = P3^6;
   4          sbit DS1302_IO = P3^4;
   5          sbit DS1302_CE = P3^5;
   6          
   7          #define DS1302_SECOND   0x80
   8          #define DS1302_MINUTE   0x82
   9          #define DS1302_HOUR             0x84
  10          #define DS1302_DATE             0x86
  11          #define DS1302_MONTH    0x88
  12          #define DS1302_DAY              0x8A
  13          #define DS1302_YEAR             0x8C
  14          #define DS1302_WP               0x8E
  15          
  16          unsigned char DS1302_Time[] = {25, 9, 1, 2, 59, 55, 1};
  17          
  18          void DS1302_Init(void)
  19          {
  20   1              DS1302_CE = 0;
  21   1              DS1302_SCLK = 0;
  22   1      }
  23          
  24          unsigned char DS1302_ReadByte(unsigned char Byte)
  25          {
  26   1              unsigned char i, Data = 0x00;
  27   1              Byte |= 0x01;
  28   1              DS1302_CE = 1;
  29   1              
  30   1              
  31   1              for(i = 0; i <= 7; i++)
  32   1              {
  33   2                      DS1302_IO = Byte & (0x01 << i);
  34   2                      DS1302_SCLK = 0;
  35   2              //      Delay();
  36   2                      DS1302_SCLK = 1;
  37   2              }
  38   1              
  39   1              for(i = 0; i <= 7; i++)
  40   1              {
  41   2                      DS1302_SCLK = 1;
  42   2      //              Delay();
  43   2                      DS1302_SCLK = 0;
  44   2                      if(DS1302_IO){Data = Data | (0x01 << i);}
  45   2              }
  46   1              //Data = (Data / 16 * 10) + (Data % 16);
  47   1              
  48   1              DS1302_CE = 0;
  49   1              DS1302_IO = 0;
  50   1              return Data;
  51   1      }
  52          
  53          void DS1302_WriteByte(unsigned char Byte, unsigned char Data)
  54          {
C51 COMPILER V9.60.7.0   DS1302                                                            09/01/2025 02:44:59 PAGE 2   

  55   1              
  56   1              unsigned char i;
  57   1              DS1302_CE = 1;
  58   1              
  59   1              
  60   1              for(i = 0; i <= 7; i++)
  61   1              {
  62   2                      DS1302_IO = Byte & (0x01 << i);
  63   2                      DS1302_SCLK = 1;
  64   2      //              Delay();
  65   2                      DS1302_SCLK = 0;
  66   2              }
  67   1              
  68   1              
  69   1              for(i = 0; i <= 7; i++)
  70   1              {
  71   2                      DS1302_IO = Data & (0x01 << i);
  72   2                      DS1302_SCLK = 1;
  73   2      //              Delay();
  74   2                      DS1302_SCLK = 0;
  75   2              }
  76   1              
  77   1              DS1302_CE = 0;
  78   1      }
  79          
  80          void DS1302_SetTime(void)
  81          {
  82   1              DS1302_WriteByte(DS1302_WP, 0x00);//关闭写入保护
  83   1              DS1302_WriteByte(DS1302_YEAR, DS1302_Time[0] / 10 * 16 + DS1302_Time[0] % 10);//写入年
  84   1              DS1302_WriteByte(DS1302_MONTH, DS1302_Time[1] / 10 * 16 + DS1302_Time[1] % 10);//写入月
  85   1              DS1302_WriteByte(DS1302_DATE, DS1302_Time[2] / 10 * 16 + DS1302_Time[2] % 10);//写入日
  86   1              DS1302_WriteByte(DS1302_HOUR, DS1302_Time[3] / 10 * 16 + DS1302_Time[3] % 10);//写入时
  87   1              DS1302_WriteByte(DS1302_MINUTE, DS1302_Time[4] / 10 * 16 + DS1302_Time[4] % 10);//写入分
  88   1              DS1302_WriteByte(DS1302_SECOND, DS1302_Time[5] / 10 * 16 + DS1302_Time[5] % 10);//写入秒
  89   1              DS1302_WriteByte(DS1302_DAY, DS1302_Time[6] / 10 * 16 + DS1302_Time[6] % 10);//写入星期
  90   1              DS1302_WriteByte(DS1302_WP, 0x80);//打开写入保护
  91   1      }
  92          
  93          
  94          void DS1302_ReadTime(void)
  95          {
  96   1              unsigned char Temp;
  97   1              Temp = DS1302_ReadByte(DS1302_YEAR);//读取年
  98   1              DS1302_Time[0] = Temp / 16 * 10 + Temp % 16;//设置数组
  99   1              
 100   1              Temp = DS1302_ReadByte(DS1302_MONTH);//读取月
 101   1              DS1302_Time[1] = Temp / 16 * 10 + Temp % 16;
 102   1              
 103   1              Temp = DS1302_ReadByte(DS1302_DATE);//读取日
 104   1              DS1302_Time[2] = Temp / 16 * 10 + Temp % 16;
 105   1              
 106   1              Temp = DS1302_ReadByte(DS1302_HOUR);//读取时
 107   1              DS1302_Time[3] = Temp / 16 * 10 + Temp % 16;
 108   1              
 109   1              Temp = DS1302_ReadByte(DS1302_MINUTE);//读取分
 110   1              DS1302_Time[4] = Temp / 16 * 10 + Temp % 16;
 111   1              
 112   1              Temp = DS1302_ReadByte(DS1302_SECOND);//读取秒
 113   1              DS1302_Time[5] = Temp / 16 * 10 + Temp % 16;
 114   1              
 115   1              Temp = DS1302_ReadByte(DS1302_DAY);//读取星期
 116   1              DS1302_Time[6] = Temp / 16 * 10 + Temp % 16;
C51 COMPILER V9.60.7.0   DS1302                                                            09/01/2025 02:44:59 PAGE 3   

 117   1              
 118   1      }
 119                  


MODULE INFORMATION:   STATIC OVERLAYABLE
   CODE SIZE        =    491    ----
   CONSTANT SIZE    =   ----    ----
   XDATA SIZE       =   ----    ----
   PDATA SIZE       =   ----    ----
   DATA SIZE        =      7    ----
   IDATA SIZE       =   ----    ----
   BIT SIZE         =   ----    ----
END OF MODULE INFORMATION.


C51 COMPILATION COMPLETE.  0 WARNING(S),  0 ERROR(S)
