C51 COMPILER V9.60.7.0   INT0                                                              09/06/2025 20:08:07 PAGE 1   


C51 COMPILER V9.60.7.0, COMPILATION OF MODULE INT0
OBJECT MODULE PLACED IN .\Objects\Int0.obj
COMPILER INVOKED BY: D:\keil5\C51\BIN\C51.EXE Int0.c OPTIMIZE(8,SPEED) BROWSE DEBUG OBJECTEXTEND PRINT(.\Listings\Int0.l
                    -st) OBJECT(.\Objects\Int0.obj)

line level    source

   1          #include <REGX52.H>
   2          
   3          
   4          void Int0_Init(void)
   5          {
   6   1              IT0 = 1;//下降沿触发
   7   1              IE0 = 0;//边沿触发时，由硬件置1和清0;
   8   1              EX0 = 1;//开启外部中断0
   9   1              EA = 1;//开启中断
  10   1              PX0 = 1;//给予高优先级
  11   1      }
  12          
  13          /*
  14          void Int0_Routine(void) interrupt 0
  15          {
  16                  
  17          }
  18          */


MODULE INFORMATION:   STATIC OVERLAYABLE
   CODE SIZE        =     11    ----
   CONSTANT SIZE    =   ----    ----
   XDATA SIZE       =   ----    ----
   PDATA SIZE       =   ----    ----
   DATA SIZE        =   ----    ----
   IDATA SIZE       =   ----    ----
   BIT SIZE         =   ----    ----
END OF MODULE INFORMATION.


C51 COMPILATION COMPLETE.  0 WARNING(S),  0 ERROR(S)
