C51 COMPILER V9.60.7.0   IR                                                                09/06/2025 20:08:07 PAGE 1   


C51 COMPILER V9.60.7.0, COMPILATION OF MODULE IR
OBJECT MODULE PLACED IN .\Objects\IR.obj
COMPILER INVOKED BY: D:\keil5\C51\BIN\C51.EXE IR.c OPTIMIZE(8,SPEED) BROWSE DEBUG OBJECTEXTEND PRINT(.\Listings\IR.lst) 
                    -OBJECT(.\Objects\IR.obj)

line level    source

   1          #include "Timer0.h"
   2          #include <REGX52.H>
   3          #include "Int0.h"
   4          
   5          unsigned int IR_Time;
   6          unsigned char IR_State;
   7          
   8          unsigned char IR_Data[4];
   9          unsigned char IR_pData;
  10          
  11          unsigned char IR_DataFlag;
  12          unsigned char IR_RepeatFlag;
  13          unsigned char IR_Address;
  14          unsigned char IR_Command;
  15          
  16          void IR_Init(void)
  17          {
  18   1              Timer0_Init();
  19   1              Int0_Init();
  20   1      }
  21          
  22          unsigned char IR_GetDataFlag(void)
  23          {
  24   1              if(IR_DataFlag)
  25   1              {
  26   2                      IR_DataFlag = 0;
  27   2                      return 1;
  28   2              }
  29   1              return 0;
  30   1      }
  31          
  32          unsigned char IR_GetRepeatFlag(void)
  33          {
  34   1              if(IR_RepeatFlag)
  35   1              {
  36   2                      IR_RepeatFlag = 0;
  37   2                      return 1;
  38   2              }
  39   1              return 0;
  40   1      }
  41          
  42          unsigned char IR_GetAddress(void)
  43          {
  44   1              return IR_Address;
  45   1      }
  46          
  47          unsigned char IR_GetCommand(void)
  48          {
  49   1              return IR_Command;
  50   1      }
  51          
  52          void Int0_Routine(void) interrupt 0
  53          {
  54   1              IR_Init();
C51 COMPILER V9.60.7.0   IR                                                                09/06/2025 20:08:07 PAGE 2   

  55   1              if(IR_State == 0)
  56   1              {
  57   2                      Timer0_SetCounter(0);
  58   2                      Timer0_StartStop(1);
  59   2                      IR_State = 1;
  60   2              }
  61   1              else if(IR_State == 1)
  62   1              {
  63   2                      IR_Time = Timer0_GetCounter();
  64   2                      Timer0_SetCounter(0);
  65   2                      if(IR_Time > 13500 - 500 && IR_Time < 13500 + 500)
  66   2                      {
  67   3                              //P2 = 0;
  68   3                              IR_State = 2;
  69   3                      }
  70   2                      else if(IR_Time > 11250 - 500 && IR_Time < 11250 + 500)
  71   2                      {
  72   3                              IR_RepeatFlag = 1;
  73   3                              Timer0_StartStop(0);
  74   3                              IR_State = 0;
  75   3                      }
  76   2                      else
  77   2                      {
  78   3                              IR_State = 1;
  79   3                      }
  80   2              }
  81   1              else if(IR_State == 2)
  82   1              {
  83   2                      IR_Time = Timer0_GetCounter();
  84   2                      Timer0_SetCounter(0);
  85   2                      if(IR_Time > 1120 - 500 && IR_Time < 1120 + 500)
  86   2                      {
  87   3                              IR_Data[IR_pData/8] &= ~(0x01<<(IR_pData%8));
  88   3                              IR_pData++;
  89   3                      }
  90   2                      else if(IR_Time > 2250 - 500 && IR_Time < 2250 + 500)
  91   2                      {
  92   3                              IR_Data[IR_pData/8] |= ~(0x01<<(IR_pData%8));
  93   3                              IR_pData++;
  94   3                      }
  95   2                      else
  96   2                      {
  97   3                              IR_pData = 0;
  98   3                              IR_State = 1;
  99   3                      }
 100   2                      if(IR_pData >= 32)
 101   2                      {
 102   3                              if((IR_Data[0] == ~IR_Data[1]) && (IR_Data[2] == ~IR_Data[3]))
 103   3                              {
 104   4                                      IR_Address = IR_Data[0];
 105   4                                      IR_Address = IR_Data[2];
 106   4                                      IR_DataFlag = 1;
 107   4                              }
 108   3                              Timer0_StartStop(0);
 109   3                              IR_State = 0;
 110   3                      }
 111   2              }
 112   1      }


MODULE INFORMATION:   STATIC OVERLAYABLE
   CODE SIZE        =    369    ----
C51 COMPILER V9.60.7.0   IR                                                                09/06/2025 20:08:07 PAGE 3   

   CONSTANT SIZE    =   ----    ----
   XDATA SIZE       =   ----    ----
   PDATA SIZE       =   ----    ----
   DATA SIZE        =     12    ----
   IDATA SIZE       =   ----    ----
   BIT SIZE         =   ----    ----
END OF MODULE INFORMATION.


C51 COMPILATION COMPLETE.  0 WARNING(S),  0 ERROR(S)
