C51 COMPILER V9.60.7.0   MAIN                                                              09/06/2025 20:08:07 PAGE 1   


C51 COMPILER V9.60.7.0, COMPILATION OF MODULE MAIN
OBJECT MODULE PLACED IN .\Objects\main.obj
COMPILER INVOKED BY: D:\keil5\C51\BIN\C51.EXE main.c OPTIMIZE(8,SPEED) BROWSE DEBUG OBJECTEXTEND PRINT(.\Listings\main.l
                    -st) OBJECT(.\Objects\main.obj)

line level    source

   1          #include <REGX52.H>
   2          #include "LCD1602.h"
   3          #include "IR.h"
   4          
   5          unsigned char Num;
   6          unsigned char Address;
   7          unsigned char Command;
   8          
   9          
  10          void main()
  11          {
  12   1              LCD_Init();
  13   1              IR_Init();
  14   1              
  15   1              LCD_ShowNum(1, 1, 0x09, 3);
  16   1              while(1)
  17   1              {
  18   2                      if(IR_GetDataFlag())
  19   2                      {
  20   3                              Address = IR_GetAddress();
  21   3                              Command = IR_GetCommand();
  22   3                              
  23   3                              LCD_ShowHexNum(2, 1, Address, 2);
  24   3                              LCD_ShowHexNum(2, 5, Command, 2);
  25   3                      }
  26   2              }
  27   1      }


MODULE INFORMATION:   STATIC OVERLAYABLE
   CODE SIZE        =     68    ----
   CONSTANT SIZE    =   ----    ----
   XDATA SIZE       =   ----    ----
   PDATA SIZE       =   ----    ----
   DATA SIZE        =      3    ----
   IDATA SIZE       =   ----    ----
   BIT SIZE         =   ----    ----
END OF MODULE INFORMATION.


C51 COMPILATION COMPLETE.  0 WARNING(S),  0 ERROR(S)
