C51 COMPILER V9.60.7.0   TIMER0                                                            09/06/2025 20:08:07 PAGE 1   


C51 COMPILER V9.60.7.0, COMPILATION OF MODULE TIMER0
OBJECT MODULE PLACED IN .\Objects\Timer0.obj
COMPILER INVOKED BY: D:\keil5\C51\BIN\C51.EXE Timer0.c OPTIMIZE(8,SPEED) BROWSE DEBUG OBJECTEXTEND PRINT(.\Listings\Time
                    -r0.lst) OBJECT(.\Objects\Timer0.obj)

line level    source

   1          #include <REGX52.H>
   2          
   3          
   4          void Timer0_Init()
   5          {
   6   1              //定时器工作模式寄存器TMOD：
   7   1              TMOD = TMOD & 0xF0;//???? ???? & 1111 0000 = ???? 0000
   8   1              TMOD = TMOD | 0x01;//???? 0000 | 0000 0001 = ???? 0001
   9   1              //定时器控制寄存器TCON：
  10   1              //由于定时器0的GATE口置0，所以不用管IE0和IT0，原因看图
  11   1              TR0 = 0;//1开启计时器/0关闭计时器
  12   1              TF0 = 0;
  13   1              //低8位寄存器赋初始值TL0：
  14   1              TL0 = 0;
  15   1              //高8位寄存器赋初始值TH0:
  16   1              TH0 = 0;
  17   1      }
  18          
  19          void Timer0_SetCounter(unsigned int Value)
  20          {
  21   1              TL0 = Value / 256;
  22   1              TH0 = Value % 256;
  23   1      }
  24          
  25          unsigned int Timer0_GetCounter()
  26          {
  27   1              return (TH0 << 8) | TL0;
  28   1      }
  29          
  30          void Timer0_StartStop(unsigned char Flag)
  31          {
  32   1              TR0 = Flag;
  33   1      }


MODULE INFORMATION:   STATIC OVERLAYABLE
   CODE SIZE        =     42    ----
   CONSTANT SIZE    =   ----    ----
   XDATA SIZE       =   ----    ----
   PDATA SIZE       =   ----    ----
   DATA SIZE        =   ----    ----
   IDATA SIZE       =   ----    ----
   BIT SIZE         =   ----    ----
END OF MODULE INFORMATION.


C51 COMPILATION COMPLETE.  0 WARNING(S),  0 ERROR(S)
