C51 COMPILER V9.60.7.0   MAIN                                                              08/25/2025 19:03:48 PAGE 1   


C51 COMPILER V9.60.7.0, COMPILATION OF MODULE MAIN
OBJECT MODULE PLACED IN .\Objects\main.obj
COMPILER INVOKED BY: D:\keil5\C51\BIN\C51.EXE main.c OPTIMIZE(8,SPEED) BROWSE DEBUG OBJECTEXTEND PRINT(.\Listings\main.l
                    -st) OBJECT(.\Objects\main.obj)

line level    source

   1          #include <REGX52.H>
   2          #include "LCD1602.h"
   3          #include "Delay.h"
   4          
   5          int result;
   6          
   7          void main()
   8          {
   9   1              LCD_Init();
  10   1              result = 0;
  11   1              while(1)
  12   1              {
  13   2                      LCD_ShowNum(2,1,result,3);
  14   2                      Delay(5);
  15   2                      result++;
  16   2              }
  17   1                      
  18   1                      
  19   1      }
  20          
  21          //LCD_Init();
  22          //LCD_ShowChar(1,1,'A');
  23          //LCD_ShowString(1,3,"Hello");
  24          //LCD_ShowNum(1,9,123,3);
  25          //LCD_ShowSignedNum(1,13,-66,2);
  26          //LCD_ShowHexNum(2,1,0xA8,2);
  27          //LCD_ShowBinNum(2,4,0xAA,8);


MODULE INFORMATION:   STATIC OVERLAYABLE
   CODE SIZE        =     37    ----
   CONSTANT SIZE    =   ----    ----
   XDATA SIZE       =   ----    ----
   PDATA SIZE       =   ----    ----
   DATA SIZE        =      2    ----
   IDATA SIZE       =   ----    ----
   BIT SIZE         =   ----    ----
END OF MODULE INFORMATION.


C51 COMPILATION COMPLETE.  0 WARNING(S),  0 ERROR(S)
