C51 COMPILER V9.60.7.0   MAIN                                                              09/02/2025 04:10:31 PAGE 1   


C51 COMPILER V9.60.7.0, COMPILATION OF MODULE MAIN
OBJECT MODULE PLACED IN .\Objects\main.obj
COMPILER INVOKED BY: D:\keil5\C51\BIN\C51.EXE main.c OPTIMIZE(8,SPEED) BROWSE DEBUG OBJECTEXTEND PRINT(.\Listings\main.l
                    -st) OBJECT(.\Objects\main.obj)

line level    source

   1          #include <REGX52.H>
   2          #include "Delay.h"
   3          #include "NixieTube.h"
   4          #include "Key.h"
   5          #include "Buzzer.h"
   6          
   7          unsigned char KeyNum;
   8          void main()
   9          {
  10   1              NixieTube(1, 0);
  11   1              while(1)
  12   1              {
  13   2                      KeyNum = KeyNumber();
  14   2                      if(KeyNum)
  15   2                      {
  16   3                              
  17   3                              NixieTube(1, KeyNum);
  18   3                              Buzzer(100);
  19   3                              
  20   3                      }
  21   2                      
  22   2              }
  23   1      }


MODULE INFORMATION:   STATIC OVERLAYABLE
   CODE SIZE        =     29    ----
   CONSTANT SIZE    =   ----    ----
   XDATA SIZE       =   ----    ----
   PDATA SIZE       =   ----    ----
   DATA SIZE        =      1    ----
   IDATA SIZE       =   ----    ----
   BIT SIZE         =   ----    ----
END OF MODULE INFORMATION.


C51 COMPILATION COMPLETE.  0 WARNING(S),  0 ERROR(S)
