C51 COMPILER V9.60.7.0   NIXIETUBE                                                         09/02/2025 04:10:31 PAGE 1   


C51 COMPILER V9.60.7.0, COMPILATION OF MODULE NIXIETUBE
OBJECT MODULE PLACED IN .\Objects\NixieTube.obj
COMPILER INVOKED BY: D:\keil5\C51\BIN\C51.EXE NixieTube.c OPTIMIZE(8,SPEED) BROWSE DEBUG OBJECTEXTEND PRINT(.\Listings\N
                    -ixieTube.lst) OBJECT(.\Objects\NixieTube.obj)

line level    source

   1          #include <REGX52.H>
   2          
   3          unsigned char NixieNumber[] = {0x3F , 0x06 , 0x5B , 0x4F , 0x66 , 0x6D , 0x7D , 0x07 , 0x7F , 0x6F};//0011
             - 1111 , 0000 0110 , 0101 1011 , 0100 1111 , 0110 0110 , 0110 1101 , 0111 1101 , 0000 0111 , 0111 1111 , 0110 1111
   4          
   5          void NixieTube(unsigned char Location ,unsigned char Number)
   6          {
   7   1              switch(Location)
   8   1              {
   9   2                      case 1:P2_4 = 1; P2_3 = 1; P2_2 = 1;
  10   2                      break;
  11   2                      case 2:P2_4 = 1; P2_3 = 1; P2_2 = 0;
  12   2                      break;
  13   2                      case 3:P2_4 = 1; P2_3 = 0; P2_2 = 1;
  14   2                      break;
  15   2                      case 4:P2_4 = 1; P2_3 = 0; P2_2 = 0;
  16   2                      break;
  17   2                      case 5:P2_4 = 0; P2_3 = 1; P2_2 = 1;
  18   2                      break;
  19   2                      case 6:P2_4 = 0; P2_3 = 1; P2_2 = 0;
  20   2                      break;
  21   2                      case 7:P2_4 = 0; P2_3 = 0; P2_2 = 1;
  22   2                      break;
  23   2                      case 8:P2_4 = 0; P2_3 = 0; P2_2 = 0;
  24   2                      break;
  25   2              }
  26   1              
  27   1              P0 = NixieNumber[Number];
  28   1      }


MODULE INFORMATION:   STATIC OVERLAYABLE
   CODE SIZE        =     99    ----
   CONSTANT SIZE    =   ----    ----
   XDATA SIZE       =   ----    ----
   PDATA SIZE       =   ----    ----
   DATA SIZE        =     10    ----
   IDATA SIZE       =   ----    ----
   BIT SIZE         =   ----    ----
END OF MODULE INFORMATION.


C51 COMPILATION COMPLETE.  0 WARNING(S),  0 ERROR(S)
